<?xml version="1.0" encoding="UTF-8"?>
<!-- Generated by org.testng.reporters.JUnitReportReporter -->
<testsuite skipped="0" hostname="DESKTOP-I34A2MO" name="com.edwiser.EdwiserBridge.FrontEndCoursePurchase" tests="3" failures="0" timestamp="19 Jun 2020 06:14:40 GMT" time="109.361" errors="0">
  <testcase name="purchaseFreeCourseForNewUser" time="26.788" classname="com.edwiser.EdwiserBridge.FrontEndCoursePurchase"/>
  <testcase name="purchaseExpireAccessEnabledCourse" time="18.650" classname="com.edwiser.EdwiserBridge.FrontEndCoursePurchase"/>
  <testcase name="purchasePaidCourse" time="63.923" classname="com.edwiser.EdwiserBridge.FrontEndCoursePurchase"/>
</testsuite> <!-- com.edwiser.EdwiserBridge.FrontEndCoursePurchase -->
