<?xml version="1.0" encoding="UTF-8"?>
<!-- Generated by org.testng.reporters.JUnitReportReporter -->
<testsuite skipped="0" hostname="DESKTOP-I34A2MO" name="com.edwiser.EdwiserBridge.LinkUnlinkUser" tests="4" failures="0" timestamp="19 Jun 2020 05:59:42 GMT" time="17.799" errors="0">
  <testcase name="linkUserFromBulkAction" time="5.893" classname="com.edwiser.EdwiserBridge.LinkUnlinkUser"/>
  <testcase name="unlinkUserFromBulkAction" time="4.383" classname="com.edwiser.EdwiserBridge.LinkUnlinkUser"/>
  <testcase name="linkUserFromLinkUnlinkLink" time="3.537" classname="com.edwiser.EdwiserBridge.LinkUnlinkUser"/>
  <testcase name="unlinkUserFromLinkUnlinkLink" time="3.986" classname="com.edwiser.EdwiserBridge.LinkUnlinkUser"/>
</testsuite> <!-- com.edwiser.EdwiserBridge.LinkUnlinkUser -->
