<?xml version="1.0" encoding="UTF-8"?>
<!-- Generated by org.testng.reporters.JUnitReportReporter -->
<testsuite skipped="0" hostname="DESKTOP-I34A2MO" name="com.edwiser.EdwiserBridge.ManageEnrollmentPage" tests="2" failures="0" timestamp="19 Jun 2020 05:59:42 GMT" time="35.289" errors="0">
  <testcase name="purchaseFreeCourseForNewUser" time="2.788" classname="com.edwiser.EdwiserBridge.ManageEnrollmentPage"/>
  <testcase name="unenrollSpecificUserCourseRecord" time="32.501" classname="com.edwiser.EdwiserBridge.ManageEnrollmentPage"/>
</testsuite> <!-- com.edwiser.EdwiserBridge.ManageEnrollmentPage -->
