<?xml version="1.0" encoding="UTF-8"?>
<!-- Generated by org.testng.reporters.JUnitReportReporter -->
<testsuite hostname="DESKTOP-2KUTDU2" failures="0" tests="1" name="IR.Overview_Settings" time="14.104" errors="0" timestamp="2023-04-24T11:05:48 IST" skipped="0">
  <testcase classname="IR.Overview_Settings" name="EnableCourseBlock" time="14.104"/>
  <system-out/>
</testsuite> <!-- IR.Overview_Settings -->
