<?xml version="1.0" encoding="UTF-8"?>
<!-- Generated by org.testng.reporters.JUnitReportReporter -->
<testsuite skipped="0" hostname="DESKTOP-I34A2MO" name="com.edwiser.EdwiserBridge.OrderStatusAndEnrollment" tests="1" failures="0" timestamp="22 Jun 2020 11:29:38 GMT" time="121.206" errors="0">
  <testcase name="MakeOrderforPaidCourse" time="121.206" classname="com.edwiser.EdwiserBridge.OrderStatusAndEnrollment"/>
</testsuite> <!-- com.edwiser.EdwiserBridge.OrderStatusAndEnrollment -->
