<?xml version="1.0" encoding="UTF-8"?>
<!-- Generated by org.testng.reporters.JUnitReportReporter -->
<testsuite skipped="0" hostname="DESKTOP-I34A2MO" name="com.edwiser.EdwiserBridge.ConnectionSettings" tests="5" failures="0" timestamp="19 Jun 2020 05:59:42 GMT" time="23.742" errors="0">
  <testcase name="emptyURLandToken" time="5.463" classname="com.edwiser.EdwiserBridge.ConnectionSettings"/>
  <testcase name="invalidMoodleURL" time="4.220" classname="com.edwiser.EdwiserBridge.ConnectionSettings"/>
  <testcase name="nonMoodleSiteURL" time="4.128" classname="com.edwiser.EdwiserBridge.ConnectionSettings"/>
  <testcase name="invalidAccessToken" time="4.363" classname="com.edwiser.EdwiserBridge.ConnectionSettings"/>
  <testcase name="validDetails" time="5.568" classname="com.edwiser.EdwiserBridge.ConnectionSettings"/>
</testsuite> <!-- com.edwiser.EdwiserBridge.ConnectionSettings -->
