<?xml version="1.0" encoding="UTF-8"?>
<!-- Generated by org.testng.reporters.JUnitReportReporter -->
<testsuite skipped="0" hostname="DESKTOP-I34A2MO" name="com.edwiser.EdwiserBridge.UserEditPageCourseEnrollment" tests="2" failures="0" timestamp="19 Jun 2020 05:59:42 GMT" time="32.389" errors="0">
  <testcase name="EnrollUserFromUsrEditPage" time="17.904" classname="com.edwiser.EdwiserBridge.UserEditPageCourseEnrollment"/>
  <testcase name="unenrollUserFromUsrEditPage" time="14.485" classname="com.edwiser.EdwiserBridge.UserEditPageCourseEnrollment"/>
</testsuite> <!-- com.edwiser.EdwiserBridge.UserEditPageCourseEnrollment -->
