<?xml version="1.0" encoding="UTF-8"?>
<!-- Generated by org.testng.reporters.JUnitReportReporter -->
<testsuite skipped="0" hostname="DESKTOP-I34A2MO" name="com.edwiser.EdwiserBridge.SynchronizationSettings" tests="5" failures="0" timestamp="19 Jun 2020 06:23:51 GMT" time="79.425" errors="0">
  <testcase name="syncWithOutConnection" time="10.525" classname="com.edwiser.EdwiserBridge.SynchronizationSettings"/>
  <testcase name="syncCourseAsDraft" time="23.754" classname="com.edwiser.EdwiserBridge.SynchronizationSettings"/>
  <testcase name="syncCourseAsPublish" time="16.741" classname="com.edwiser.EdwiserBridge.SynchronizationSettings"/>
  <testcase name="syncCourseCategories" time="9.137" classname="com.edwiser.EdwiserBridge.SynchronizationSettings"/>
  <testcase name="syncUpdateCourses" time="19.268" classname="com.edwiser.EdwiserBridge.SynchronizationSettings"/>
</testsuite> <!-- com.edwiser.EdwiserBridge.SynchronizationSettings -->
