<?xml version="1.0" encoding="UTF-8"?>
<!-- Generated by org.testng.reporters.JUnitReportReporter -->
<testsuite skipped="0" hostname="DESKTOP-I34A2MO" name="com.edwiser.EdwiserBridge.UserAccountPageEditUserDetails" tests="3" failures="0" timestamp="19 Jun 2020 05:59:42 GMT" time="78.831" errors="0">
  <testcase name="editUserDetailsFromUserAccountPage" time="23.578" classname="com.edwiser.EdwiserBridge.UserAccountPageEditUserDetails"/>
  <testcase name="checkEnrolledCoursesOnUserAccountPage" time="28.602" classname="com.edwiser.EdwiserBridge.UserAccountPageEditUserDetails"/>
  <testcase name="checkUnenrolledCoursesOnUserAccountPage" time="26.651" classname="com.edwiser.EdwiserBridge.UserAccountPageEditUserDetails"/>
</testsuite> <!-- com.edwiser.EdwiserBridge.UserAccountPageEditUserDetails -->
