<?xml version="1.0" encoding="UTF-8"?>
<!-- Generated by org.testng.reporters.JUnitReportReporter -->
<testsuite skipped="0" hostname="DESKTOP-I34A2MO" name="com.edwiser.EdwiserBridge.CourseTypeSettings" tests="3" failures="0" timestamp="19 Jun 2020 06:14:40 GMT" time="24.488" errors="0">
  <testcase name="makeCoursePaidAndAddPrice" time="8.659" classname="com.edwiser.EdwiserBridge.CourseTypeSettings"/>
  <testcase name="makeCourseClosedAndRedirectionURL" time="8.142" classname="com.edwiser.EdwiserBridge.CourseTypeSettings"/>
  <testcase name="setCourseExpireAccessDays" time="7.687" classname="com.edwiser.EdwiserBridge.CourseTypeSettings"/>
</testsuite> <!-- com.edwiser.EdwiserBridge.CourseTypeSettings -->
